<?xml version="1.0" encoding="UTF-8"?>
<testsuite name="com.batista.json.jsonValues.JsonTests" tests="1" skipped="0" failures="0" errors="0" timestamp="2023-06-06T19:20:05" hostname="LAPTOP-EU27B3I5" time="0.479">
  <properties/>
  <testcase name="test to Reflection()" classname="com.batista.json.jsonValues.JsonTests" time="0.479"/>
  <system-out><![CDATA[]]></system-out>
  <system-err><![CDATA[]]></system-err>
</testsuite>
