<?xml version="1.0" encoding="UTF-8"?>
<testsuite name="com.batista.json.jsonValues.JsonTests" tests="1" skipped="0" failures="0" errors="0" timestamp="2023-06-07T18:09:03" hostname="LAPTOP-EU27B3I5" time="0.033">
  <properties/>
  <testcase name="textRemoveObserver()" classname="com.batista.json.jsonValues.JsonTests" time="0.033"/>
  <system-out><![CDATA[]]></system-out>
  <system-err><![CDATA[]]></system-err>
</testsuite>
